\\mac\home\documents\github\battleship-poo\battleship\debug\vc141.pdb
\\mac\home\documents\github\battleship-poo\battleship\debug\vc141.idb
\\mac\home\documents\github\battleship-poo\battleship\debug\seamodel.obj
\\mac\home\documents\github\battleship-poo\battleship\debug\portmodel.obj
\\mac\home\documents\github\battleship-poo\battleship\debug\playermodel.obj
\\mac\home\documents\github\battleship-poo\battleship\debug\mapmodel.obj
\\mac\home\documents\github\battleship-poo\battleship\debug\groundmodel.obj
\\mac\home\documents\github\battleship-poo\battleship\debug\exemplo.obj
\\mac\home\documents\github\battleship-poo\battleship\debug\gamecontroller.obj
\\mac\home\documents\github\battleship-poo\battleship\debug\consola.obj
\\mac\home\documents\github\battleship-poo\battleship\debug\cellmodel.obj
\\mac\home\documents\github\battleship-poo\battleship\debug\battleship.obj
\\mac\home\documents\github\battleship-poo\battleship\debug\view.obj
\\mac\home\documents\github\battleship-poo\battleship\debug\battleship.pch
\\mac\home\documents\github\battleship-poo\battleship\debug\stdafx.obj
\\mac\home\documents\github\battleship-poo\battleship\debug\shipmodel.obj
\\mac\home\documents\github\battleship-poo\battleship\debug\filecontroller.obj
c:\users\ricardo\documents\github\battleship-poo\battleship\debug\battleship.pch
c:\users\ricardo\documents\github\battleship-poo\battleship\debug\vc141.pdb
c:\users\ricardo\documents\github\battleship-poo\battleship\debug\vc141.idb
c:\users\ricardo\documents\github\battleship-poo\battleship\debug\stdafx.obj
c:\users\ricardo\documents\github\battleship-poo\battleship\debug\battleship.obj
c:\users\ricardo\documents\github\battleship-poo\battleship\debug\cellmodel.obj
c:\users\ricardo\documents\github\battleship-poo\battleship\debug\consola.obj
c:\users\ricardo\documents\github\battleship-poo\battleship\debug\eventmodel.obj
c:\users\ricardo\documents\github\battleship-poo\battleship\debug\exemplo.obj
c:\users\ricardo\documents\github\battleship-poo\battleship\debug\gamecontroller.obj
c:\users\ricardo\documents\github\battleship-poo\battleship\debug\groundmodel.obj
c:\users\ricardo\documents\github\battleship-poo\battleship\debug\mapmodel.obj
c:\users\ricardo\documents\github\battleship-poo\battleship\debug\playermodel.obj
c:\users\ricardo\documents\github\battleship-poo\battleship\debug\portmodel.obj
c:\users\ricardo\documents\github\battleship-poo\battleship\debug\seamodel.obj
c:\users\ricardo\documents\github\battleship-poo\battleship\debug\view.obj
\\mac\home\documents\github\battleship-poo\battleship\debug\battleship.exe
\\mac\home\documents\github\battleship-poo\battleship\debug\battleship.ilk
\\mac\home\documents\github\battleship-poo\battleship\debug\battleship.pdb
c:\users\ricardo\documents\github\battleship-poo\battleship\debug\battleship.ilk
c:\users\ricardo\documents\github\battleship-poo\battleship\debug\battleship.pdb
c:\users\ricardo\documents\github\battleship-poo\battleship\debug\battleship.exe
c:\users\ricardo\documents\github\battleship-poo\battleship\debug\battleship.tlog\cl.command.1.tlog
c:\users\ricardo\documents\github\battleship-poo\battleship\debug\battleship.tlog\cl.read.1.tlog
c:\users\ricardo\documents\github\battleship-poo\battleship\debug\battleship.tlog\cl.write.1.tlog
c:\users\ricardo\documents\github\battleship-poo\battleship\debug\battleship.tlog\link.command.1.tlog
c:\users\ricardo\documents\github\battleship-poo\battleship\debug\battleship.tlog\link.read.1.tlog
c:\users\ricardo\documents\github\battleship-poo\battleship\debug\battleship.tlog\link.write.1.tlog
