  stdafx.cpp
  View.cpp
  ShipModel.cpp
c:\users\ricardo\documents\github\battleship-poo\battleship\shipmodel.cpp(6): error C2789: 'ShipModel::maxCapacity': an object of const-qualified type must be initialized
  c:\users\ricardo\documents\github\battleship-poo\battleship\shipmodel.h(6): note: see declaration of 'ShipModel::maxCapacity'
c:\users\ricardo\documents\github\battleship-poo\battleship\shipmodel.cpp(6): error C2789: 'ShipModel::maxSoldiers': an object of const-qualified type must be initialized
  c:\users\ricardo\documents\github\battleship-poo\battleship\shipmodel.h(6): note: see declaration of 'ShipModel::maxSoldiers'
c:\users\ricardo\documents\github\battleship-poo\battleship\shipmodel.cpp(6): error C2789: 'ShipModel::maxWater': an object of const-qualified type must be initialized
  c:\users\ricardo\documents\github\battleship-poo\battleship\shipmodel.h(6): note: see declaration of 'ShipModel::maxWater'
  SeaModel.cpp
  PortModel.cpp
  PlayerModel.cpp
  MapModel.cpp
  GroundModel.cpp
  GameController.cpp
  FileController.cpp
c:\users\ricardo\documents\github\battleship-poo\battleship\filecontroller.cpp(16): error C2079: 'file' uses undefined class 'std::basic_ifstream<char,std::char_traits<char>>'
c:\users\ricardo\documents\github\battleship-poo\battleship\filecontroller.cpp(16): error C2440: 'initializing': cannot convert from 'std::string' to 'int'
  c:\users\ricardo\documents\github\battleship-poo\battleship\filecontroller.cpp(16): note: No user-defined-conversion operator available that can perform this conversion, or the operator cannot be called
  Exemplo.cpp
  EventModel.cpp
  Consola.cpp
  CellModel.cpp
  Battleship.cpp
  Compiling...
  Generating Code...
